{
  "RSpec": {
    "coverage": {
      "/Users/michaelho/Documents/Dev Bootcamp/phase3/week1/groverflow/config/environment.rb": [
        null,
        1,
        null,
        null,
        1
      ],
      "/Users/michaelho/Documents/Dev Bootcamp/phase3/week1/groverflow/config/application.rb": [
        1,
        null,
        null,
        1,
        1,
        1,
        1,
        1,
        null,
        null,
        1,
        null,
        1,
        null,
        null,
        null,
        null,
        1,
        1,
        null,
        null,
        null,
        null,
        null,
        null,
        null,
        null,
        null,
        null,
        null,
        null,
        null,
        null,
        null,
        null,
        null,
        null,
        null,
        null,
        null,
        null,
        null,
        1,
        null,
        null,
        1,
        null,
        null,
        1,
        null,
        null,
        null,
        null,
        null,
        null,
        null,
        null,
        null,
        null,
        1,
        null,
        null,
        1,
        null,
        null,
        1,
        null,
        null
      ],
      "/Users/michaelho/Documents/Dev Bootcamp/phase3/week1/groverflow/config/boot.rb": [
        1,
        null,
        null,
        1,
        null,
        1
      ],
      "/Users/michaelho/Documents/Dev Bootcamp/phase3/week1/groverflow/config/environments/test.rb": [
        1,
        null,
        null,
        null,
        null,
        null,
        null,
        1,
        null,
        null,
        1,
        1,
        null,
        null,
        1,
        null,
        null,
        1,
        1,
        null,
        null,
        1,
        null,
        null,
        1,
        null,
        null,
        null,
        null,
        1,
        null,
        null,
        1,
        null,
        null,
        1,
        null
      ],
      "/Users/michaelho/Documents/Dev Bootcamp/phase3/week1/groverflow/config/initializers/backtrace_silencers.rb": [
        null,
        null,
        null,
        null,
        null,
        null,
        null
      ],
      "/Users/michaelho/Documents/Dev Bootcamp/phase3/week1/groverflow/config/initializers/inflections.rb": [
        null,
        null,
        null,
        null,
        null,
        null,
        null,
        null,
        null,
        null,
        null,
        null,
        null,
        null,
        null
      ],
      "/Users/michaelho/Documents/Dev Bootcamp/phase3/week1/groverflow/config/initializers/mime_types.rb": [
        null,
        null,
        null,
        null,
        null
      ],
      "/Users/michaelho/Documents/Dev Bootcamp/phase3/week1/groverflow/config/initializers/secret_token.rb": [
        null,
        null,
        null,
        null,
        null,
        null,
        1
      ],
      "/Users/michaelho/Documents/Dev Bootcamp/phase3/week1/groverflow/config/initializers/session_store.rb": [
        null,
        null,
        1,
        null,
        null,
        null,
        null,
        null
      ],
      "/Users/michaelho/Documents/Dev Bootcamp/phase3/week1/groverflow/config/initializers/wrap_parameters.rb": [
        null,
        null,
        null,
        null,
        null,
        null,
        1,
        1,
        null,
        null,
        null,
        1,
        1,
        null
      ],
      "/Users/michaelho/Documents/Dev Bootcamp/phase3/week1/groverflow/app/controllers/answers_controller.rb": [
        1,
        null,
        1,
        3,
        3,
        3,
        3,
        3,
        2,
        null,
        3,
        null,
        null,
        null
      ],
      "/Users/michaelho/Documents/Dev Bootcamp/phase3/week1/groverflow/app/controllers/application_controller.rb": [
        1,
        1,
        null,
        1,
        17,
        null,
        null,
        1,
        103,
        null,
        null,
        1,
        71,
        null,
        null,
        1,
        null
      ],
      "/Users/michaelho/Documents/Dev Bootcamp/phase3/week1/groverflow/app/helpers/application_helper.rb": [
        1,
        null
      ],
      "/Users/michaelho/Documents/Dev Bootcamp/phase3/week1/groverflow/app/models/answer.rb": [
        null,
        null,
        null,
        null,
        null,
        null,
        null,
        null,
        null,
        null,
        null,
        null,
        null,
        1,
        1,
        null,
        1,
        1,
        1,
        1,
        1,
        null,
        1,
        null
      ],
      "/Users/michaelho/Documents/Dev Bootcamp/phase3/week1/groverflow/app/controllers/home_controller.rb": [
        1,
        null,
        1,
        0,
        null,
        null,
        null,
        null
      ],
      "/Users/michaelho/Documents/Dev Bootcamp/phase3/week1/groverflow/app/controllers/questions_controller.rb": [
        1,
        null,
        1,
        21,
        null,
        null,
        1,
        4,
        null,
        null,
        1,
        1,
        1,
        0,
        0,
        0,
        0,
        null,
        1,
        null,
        null,
        null,
        1,
        9,
        9,
        null,
        null,
        null
      ],
      "/Users/michaelho/Documents/Dev Bootcamp/phase3/week1/groverflow/app/models/question.rb": [
        null,
        null,
        null,
        null,
        null,
        null,
        null,
        null,
        null,
        null,
        null,
        null,
        1,
        1,
        null,
        1,
        1,
        1,
        1,
        null
      ],
      "/Users/michaelho/Documents/Dev Bootcamp/phase3/week1/groverflow/app/controllers/sessions_controller.rb": [
        1,
        null,
        1,
        15,
        null,
        null,
        null,
        1,
        18,
        18,
        18,
        18,
        16,
        16,
        null,
        2,
        2,
        null,
        null,
        0,
        0,
        0,
        null,
        null,
        null,
        null,
        1,
        0,
        0,
        null,
        null,
        null
      ],
      "/Users/michaelho/Documents/Dev Bootcamp/phase3/week1/groverflow/app/controllers/users_controller.rb": [
        1,
        null,
        1,
        14,
        null,
        null,
        1,
        9,
        9,
        18,
        8,
        8,
        8,
        null,
        1,
        1,
        null,
        null,
        null,
        null
      ],
      "/Users/michaelho/Documents/Dev Bootcamp/phase3/week1/groverflow/app/models/user.rb": [
        null,
        null,
        null,
        null,
        null,
        null,
        null,
        null,
        null,
        null,
        null,
        null,
        1,
        1,
        null,
        1,
        1,
        1,
        1,
        1,
        1,
        null,
        null
      ],
      "/Users/michaelho/Documents/Dev Bootcamp/phase3/week1/groverflow/app/validators/email_validator.rb": [
        null,
        1,
        1,
        126,
        10,
        null,
        null,
        null,
        null,
        1,
        126,
        126,
        null,
        126,
        126,
        null,
        null,
        null,
        null
      ],
      "/Users/michaelho/Documents/Dev Bootcamp/phase3/week1/groverflow/app/controllers/votes_controller.rb": [
        1,
        null,
        1,
        0,
        null,
        0,
        null,
        null,
        null,
        null,
        0,
        null,
        null,
        1,
        0,
        0,
        null,
        null,
        0,
        0,
        null,
        null,
        1,
        0,
        0,
        null,
        0,
        null,
        null,
        null
      ],
      "/Users/michaelho/Documents/Dev Bootcamp/phase3/week1/groverflow/app/models/vote.rb": [
        null,
        null,
        null,
        null,
        null,
        null,
        null,
        null,
        null,
        null,
        null,
        1,
        null,
        1,
        null,
        1,
        1,
        1,
        1,
        null,
        1,
        1,
        null
      ],
      "/Users/michaelho/Documents/Dev Bootcamp/phase3/week1/groverflow/spec/factories.rb": [
        1,
        null,
        1,
        1,
        1,
        1,
        null,
        null,
        1,
        1,
        1,
        1,
        null,
        null,
        1,
        17,
        17,
        1,
        null,
        null,
        1,
        1,
        1,
        1,
        null,
        null,
        1,
        1,
        9,
        1,
        null,
        null,
        1,
        1,
        9,
        1,
        null,
        null,
        null,
        null,
        null,
        null
      ],
      "/Users/michaelho/Documents/Dev Bootcamp/phase3/week1/groverflow/config/routes.rb": [
        1,
        null,
        1,
        1,
        1,
        1,
        1,
        1,
        1,
        null,
        null,
        1,
        1,
        null,
        null,
        null
      ],
      "/Users/michaelho/Documents/Dev Bootcamp/phase3/week1/groverflow/spec/features/create_question_spec.rb": [
        1,
        null,
        1,
        null,
        1,
        null,
        null,
        2,
        null,
        1,
        1,
        1,
        null,
        null,
        null,
        1,
        null,
        3,
        null,
        1,
        2,
        2,
        null,
        null,
        1,
        null,
        null,
        null,
        null,
        null,
        null,
        null,
        1,
        1,
        1,
        0,
        null,
        null,
        1,
        1,
        1,
        0,
        null,
        null
      ],
      "/Users/michaelho/Documents/Dev Bootcamp/phase3/week1/groverflow/spec/features/login_spec.rb": [
        1,
        null,
        1,
        1,
        null,
        1,
        1,
        1,
        null,
        null,
        1,
        1,
        1,
        null,
        null,
        null,
        null
      ],
      "/Users/michaelho/Documents/Dev Bootcamp/phase3/week1/groverflow/spec/features/logout_spec.rb": [
        1,
        null,
        1,
        1,
        null,
        1,
        1,
        2,
        2,
        null,
        2,
        null,
        2,
        null,
        1,
        1,
        0,
        null,
        null,
        null
      ],
      "/Users/michaelho/Documents/Dev Bootcamp/phase3/week1/groverflow/spec/features/question_answer_spec.rb": [
        1,
        null,
        1,
        5,
        2,
        5,
        null,
        1,
        5,
        null,
        1,
        1,
        null,
        null,
        1,
        2,
        null,
        1,
        2,
        null,
        1,
        1,
        null,
        null,
        null,
        null,
        null,
        1,
        null,
        1,
        3,
        null,
        1,
        1,
        null,
        null,
        1,
        1,
        null,
        null,
        null,
        null,
        null,
        null,
        null,
        null,
        null,
        null
      ],
      "/Users/michaelho/Documents/Dev Bootcamp/phase3/week1/groverflow/spec/features/question_spec.rb": [
        1,
        null,
        1,
        2,
        null,
        null,
        2,
        null,
        2,
        null,
        1,
        1,
        1,
        1,
        null,
        null,
        null,
        null,
        1,
        null,
        null,
        1,
        1,
        1,
        50,
        null,
        null,
        null,
        4,
        null,
        4,
        null,
        1,
        1,
        null,
        null,
        1,
        1,
        1,
        null,
        null,
        1,
        1,
        0,
        null,
        null,
        null,
        null,
        1,
        null,
        1,
        1,
        null,
        null,
        2,
        2,
        null,
        1,
        1,
        1,
        1,
        1,
        1,
        1,
        null,
        null,
        null,
        null,
        null,
        null,
        null,
        null,
        null,
        null,
        null,
        null,
        null,
        null,
        null,
        null,
        null,
        null,
        null,
        null,
        null,
        null,
        null
      ],
      "/Users/michaelho/Documents/Dev Bootcamp/phase3/week1/groverflow/spec/features/signup_spec.rb": [
        1,
        null,
        1,
        null,
        1,
        1,
        2,
        null,
        null,
        2,
        null,
        2,
        null,
        1,
        1,
        1,
        null,
        null,
        null,
        null,
        1,
        8,
        8,
        6,
        1,
        13,
        null,
        null,
        8,
        null,
        2,
        2,
        2,
        2,
        null,
        1,
        null,
        1,
        2,
        2,
        2,
        2,
        null,
        null,
        1,
        1,
        null,
        null,
        1,
        1,
        1,
        null,
        null,
        null,
        null,
        1,
        1,
        1,
        1,
        1,
        1,
        null,
        null,
        1,
        1,
        null,
        null,
        null,
        1,
        1,
        2,
        2,
        2,
        null,
        null,
        1,
        1,
        null,
        null,
        2,
        null,
        null,
        1,
        1,
        2,
        2,
        2,
        null,
        null,
        1,
        1,
        null,
        null,
        2,
        null,
        null,
        1,
        1,
        2,
        2,
        2,
        null,
        null,
        1,
        1,
        null,
        null,
        2,
        null,
        null,
        null,
        null
      ],
      "/Users/michaelho/Documents/Dev Bootcamp/phase3/week1/groverflow/spec/models/answer_spec.rb": [
        null,
        null,
        null,
        null,
        null,
        null,
        null,
        null,
        null,
        null,
        null,
        null,
        null,
        1,
        null,
        1,
        2,
        2,
        2,
        2,
        null,
        null,
        null,
        1,
        null,
        1,
        2,
        null,
        1,
        1,
        null,
        null,
        null,
        null,
        1,
        1,
        2,
        null,
        null,
        null,
        null,
        null,
        null,
        null
      ],
      "/Users/michaelho/Documents/Dev Bootcamp/phase3/week1/groverflow/spec/models/question_spec.rb": [
        null,
        null,
        null,
        null,
        null,
        null,
        null,
        null,
        null,
        null,
        null,
        null,
        1,
        null,
        1,
        2,
        2,
        2,
        2,
        2,
        null,
        1,
        5,
        null,
        2,
        2,
        2,
        2,
        null,
        null,
        null
      ],
      "/Users/michaelho/Documents/Dev Bootcamp/phase3/week1/groverflow/spec/models/user_spec.rb": [
        null,
        null,
        null,
        null,
        null,
        null,
        null,
        null,
        null,
        null,
        null,
        null,
        1,
        null,
        1,
        null,
        4,
        null,
        null,
        2,
        2,
        2,
        null,
        1,
        3,
        2,
        2,
        null,
        1,
        1,
        1,
        null,
        null,
        null,
        null,
        null
      ],
      "/Users/michaelho/Documents/Dev Bootcamp/phase3/week1/groverflow/spec/models/vote_spec.rb": [
        null,
        null,
        null,
        null,
        null,
        null,
        null,
        null,
        null,
        null,
        null,
        1,
        null,
        1,
        null,
        5,
        5,
        null,
        5,
        5,
        null,
        2,
        2,
        2,
        2,
        null,
        1,
        null,
        1,
        5,
        2,
        2,
        2,
        2,
        null,
        null,
        1,
        5,
        2,
        2,
        2,
        2,
        null,
        null,
        1,
        5,
        2,
        2,
        2,
        2,
        null,
        null,
        1,
        5,
        2,
        2,
        2,
        2,
        null,
        null,
        1,
        null,
        null,
        null,
        null
      ]
    },
    "timestamp": 1376176544
  },
  "Cucumber Features": {
    "coverage": {
      "/Users/michaelho/Documents/Dev Bootcamp/phase3/week1/groverflow/config/environment.rb": [
        null,
        1,
        null,
        null,
        1
      ],
      "/Users/michaelho/Documents/Dev Bootcamp/phase3/week1/groverflow/config/application.rb": [
        1,
        null,
        null,
        1,
        1,
        1,
        1,
        1,
        null,
        null,
        1,
        null,
        1,
        null,
        null,
        null,
        null,
        1,
        1,
        null,
        null,
        null,
        null,
        null,
        null,
        null,
        null,
        null,
        null,
        null,
        null,
        null,
        null,
        null,
        null,
        null,
        null,
        null,
        null,
        null,
        null,
        null,
        1,
        null,
        null,
        1,
        null,
        null,
        1,
        null,
        null,
        null,
        null,
        null,
        null,
        null,
        null,
        null,
        null,
        1,
        null,
        null,
        1,
        null,
        null,
        1,
        null,
        null
      ],
      "/Users/michaelho/Documents/Dev Bootcamp/phase3/week1/groverflow/config/boot.rb": [
        1,
        null,
        null,
        1,
        null,
        1
      ],
      "/Users/michaelho/Documents/Dev Bootcamp/phase3/week1/groverflow/config/environments/test.rb": [
        1,
        null,
        null,
        null,
        null,
        null,
        null,
        1,
        null,
        null,
        1,
        1,
        null,
        null,
        1,
        null,
        null,
        1,
        1,
        null,
        null,
        1,
        null,
        null,
        1,
        null,
        null,
        null,
        null,
        1,
        null,
        null,
        1,
        null,
        null,
        1,
        null
      ],
      "/Users/michaelho/Documents/Dev Bootcamp/phase3/week1/groverflow/config/initializers/backtrace_silencers.rb": [
        null,
        null,
        null,
        null,
        null,
        null,
        null
      ],
      "/Users/michaelho/Documents/Dev Bootcamp/phase3/week1/groverflow/config/initializers/inflections.rb": [
        null,
        null,
        null,
        null,
        null,
        null,
        null,
        null,
        null,
        null,
        null,
        null,
        null,
        null,
        null
      ],
      "/Users/michaelho/Documents/Dev Bootcamp/phase3/week1/groverflow/config/initializers/mime_types.rb": [
        null,
        null,
        null,
        null,
        null
      ],
      "/Users/michaelho/Documents/Dev Bootcamp/phase3/week1/groverflow/config/initializers/secret_token.rb": [
        null,
        null,
        null,
        null,
        null,
        null,
        1
      ],
      "/Users/michaelho/Documents/Dev Bootcamp/phase3/week1/groverflow/config/initializers/session_store.rb": [
        null,
        null,
        1,
        null,
        null,
        null,
        null,
        null
      ],
      "/Users/michaelho/Documents/Dev Bootcamp/phase3/week1/groverflow/config/initializers/wrap_parameters.rb": [
        null,
        null,
        null,
        null,
        null,
        null,
        1,
        1,
        null,
        null,
        null,
        1,
        1,
        null
      ],
      "/Users/michaelho/Documents/Dev Bootcamp/phase3/week1/groverflow/app/controllers/answers_controller.rb": [
        1,
        null,
        1,
        0,
        0,
        0,
        0,
        0,
        0,
        null,
        0,
        null,
        null,
        null
      ],
      "/Users/michaelho/Documents/Dev Bootcamp/phase3/week1/groverflow/app/controllers/application_controller.rb": [
        1,
        1,
        null,
        1,
        3,
        null,
        null,
        1,
        20,
        null,
        null,
        1,
        12,
        null,
        null,
        1,
        null
      ],
      "/Users/michaelho/Documents/Dev Bootcamp/phase3/week1/groverflow/app/helpers/application_helper.rb": [
        1,
        null
      ],
      "/Users/michaelho/Documents/Dev Bootcamp/phase3/week1/groverflow/app/models/answer.rb": [
        null,
        null,
        null,
        null,
        null,
        null,
        null,
        null,
        null,
        null,
        null,
        null,
        null,
        1,
        1,
        null,
        1,
        1,
        1,
        1,
        1,
        null,
        1,
        null
      ],
      "/Users/michaelho/Documents/Dev Bootcamp/phase3/week1/groverflow/app/controllers/home_controller.rb": [
        1,
        null,
        1,
        0,
        null,
        null,
        null,
        null
      ],
      "/Users/michaelho/Documents/Dev Bootcamp/phase3/week1/groverflow/app/controllers/questions_controller.rb": [
        1,
        null,
        1,
        6,
        null,
        null,
        1,
        1,
        null,
        null,
        1,
        1,
        1,
        0,
        0,
        0,
        0,
        null,
        1,
        null,
        null,
        null,
        1,
        2,
        2,
        null,
        null,
        null
      ],
      "/Users/michaelho/Documents/Dev Bootcamp/phase3/week1/groverflow/app/models/question.rb": [
        null,
        null,
        null,
        null,
        null,
        null,
        null,
        null,
        null,
        null,
        null,
        null,
        1,
        1,
        null,
        1,
        1,
        1,
        1,
        null
      ],
      "/Users/michaelho/Documents/Dev Bootcamp/phase3/week1/groverflow/app/controllers/sessions_controller.rb": [
        1,
        null,
        1,
        3,
        null,
        null,
        null,
        1,
        3,
        3,
        3,
        3,
        3,
        3,
        null,
        0,
        0,
        null,
        null,
        0,
        0,
        0,
        null,
        null,
        null,
        null,
        1,
        0,
        0,
        null,
        null,
        null
      ],
      "/Users/michaelho/Documents/Dev Bootcamp/phase3/week1/groverflow/app/controllers/users_controller.rb": [
        1,
        null,
        1,
        0,
        null,
        null,
        1,
        0,
        0,
        0,
        0,
        0,
        0,
        null,
        0,
        0,
        null,
        null,
        null,
        null
      ],
      "/Users/michaelho/Documents/Dev Bootcamp/phase3/week1/groverflow/app/models/user.rb": [
        null,
        null,
        null,
        null,
        null,
        null,
        null,
        null,
        null,
        null,
        null,
        null,
        1,
        1,
        null,
        1,
        1,
        1,
        1,
        1,
        1,
        null,
        null
      ],
      "/Users/michaelho/Documents/Dev Bootcamp/phase3/week1/groverflow/app/validators/email_validator.rb": [
        null,
        1,
        1,
        19,
        0,
        null,
        null,
        null,
        null,
        1,
        19,
        19,
        null,
        19,
        19,
        null,
        null,
        null,
        null
      ],
      "/Users/michaelho/Documents/Dev Bootcamp/phase3/week1/groverflow/app/controllers/votes_controller.rb": [
        1,
        null,
        1,
        0,
        null,
        0,
        null,
        null,
        null,
        null,
        0,
        null,
        null,
        1,
        0,
        0,
        null,
        null,
        0,
        0,
        null,
        null,
        1,
        0,
        0,
        null,
        0,
        null,
        null,
        null
      ],
      "/Users/michaelho/Documents/Dev Bootcamp/phase3/week1/groverflow/app/models/vote.rb": [
        null,
        null,
        null,
        null,
        null,
        null,
        null,
        null,
        null,
        null,
        null,
        1,
        null,
        1,
        null,
        1,
        1,
        1,
        1,
        null,
        1,
        1,
        null
      ],
      "/Users/michaelho/Documents/Dev Bootcamp/phase3/week1/groverflow/spec/factories.rb": [
        1,
        null,
        1,
        1,
        1,
        1,
        null,
        null,
        1,
        1,
        1,
        1,
        null,
        null,
        1,
        1,
        1,
        1,
        null,
        null,
        1,
        1,
        1,
        1,
        null,
        null,
        1,
        1,
        1,
        1,
        null,
        null,
        1,
        1,
        1,
        1,
        null,
        null,
        null,
        null,
        null,
        null
      ],
      "/Users/michaelho/Documents/Dev Bootcamp/phase3/week1/groverflow/config/routes.rb": [
        1,
        null,
        1,
        1,
        1,
        1,
        1,
        1,
        1,
        null,
        null,
        1,
        1,
        null,
        null,
        null
      ]
    },
    "timestamp": 1376176568
  }
}
